Flow report for msjkff
Sat Apr  9 20:47:00 2022
Quartus Prime Version 21.1.0 Build 842 10/21/2021 Patches 0.02i SJ Lite Edition


---------------------
; Table of Contents ;
---------------------
  1. Legal Notice
  2. Flow Summary
  3. Flow Settings
  4. Flow Non-Default Global Settings
  5. Flow Elapsed Time
  6. Flow OS Summary
  7. Flow Log
  8. Flow Messages
  9. Flow Suppressed Messages



----------------
; Legal Notice ;
----------------
Copyright (C) 2021  Intel Corporation. All rights reserved.
Your use of Intel Corporation's design tools, logic functions 
and other software and tools, and any partner logic 
functions, and any output files from any of the foregoing 
(including device programming or simulation files), and any 
associated documentation or information are expressly subject 
to the terms and conditions of the Intel Program License 
Subscription Agreement, the Intel Quartus Prime License Agreement,
the Intel FPGA IP License Agreement, or other applicable license
agreement, including, without limitation, that your use is for
the sole purpose of programming logic devices manufactured by
Intel and sold by Intel or its authorized distributors.  Please
refer to the applicable agreement for further details, at
https://fpgasoftware.intel.com/eula.



+-----------------------------------------------------------------------------------+
; Flow Summary                                                                      ;
+-----------------------+-----------------------------------------------------------+
; Flow Status           ; Successful - Sat Apr  9 20:46:30 2022                     ;
; Quartus Prime Version ; 21.1.0 Build 842 10/21/2021 Patches 0.02i SJ Lite Edition ;
; Revision Name         ; msjkff                                                    ;
; Top-level Entity Name ; pirtester                                                 ;
; Family                ; MAX II                                                    ;
; Device                ; EPM240T100C5                                              ;
; Timing Models         ; Final                                                     ;
; Total logic elements  ; 0 / 240 ( 0 % )                                           ;
; Total pins            ; 4 / 80 ( 5 % )                                            ;
; Total virtual pins    ; 0                                                         ;
; UFM blocks            ; 0 / 1 ( 0 % )                                             ;
+-----------------------+-----------------------------------------------------------+


+-----------------------------------------+
; Flow Settings                           ;
+-------------------+---------------------+
; Option            ; Setting             ;
+-------------------+---------------------+
; Start date & time ; 04/09/2022 20:44:57 ;
; Main task         ; Compilation         ;
; Revision Name     ; msjkff              ;
+-------------------+---------------------+


+--------------------------------------------------------------------------------------------------------------------+
; Flow Non-Default Global Settings                                                                                   ;
+---------------------------------------+---------------------------------+---------------+-------------+------------+
; Assignment Name                       ; Value                           ; Default Value ; Entity Name ; Section Id ;
+---------------------------------------+---------------------------------+---------------+-------------+------------+
; COMPILER_SIGNATURE_ID                 ; 273419328194687.164956229617596 ; --            ; --          ; --         ;
; MAX_CORE_JUNCTION_TEMP                ; 85                              ; --            ; --          ; --         ;
; MIN_CORE_JUNCTION_TEMP                ; 0                               ; --            ; --          ; --         ;
; POWER_EXT_SUPPLY_VOLTAGE_TO_REGULATOR ; 3.3V                            ; --            ; --          ; --         ;
; PROJECT_OUTPUT_DIRECTORY              ; output_files                    ; --            ; --          ; --         ;
; TOP_LEVEL_ENTITY                      ; pirtester                       ; msjkff        ; --          ; --         ;
+---------------------------------------+---------------------------------+---------------+-------------+------------+


+--------------------------------------------------------------------------------------------------------------------------+
; Flow Elapsed Time                                                                                                        ;
+----------------------+--------------+-------------------------+---------------------+------------------------------------+
; Module Name          ; Elapsed Time ; Average Processors Used ; Peak Virtual Memory ; Total CPU Time (on all processors) ;
+----------------------+--------------+-------------------------+---------------------+------------------------------------+
; Analysis & Synthesis ; 00:00:42     ; 1.0                     ; 4730 MB             ; 00:00:31                           ;
; Fitter               ; 00:00:36     ; 1.0                     ; 5467 MB             ; 00:00:02                           ;
; Assembler            ; 00:00:41     ; 1.0                     ; 4694 MB             ; 00:00:01                           ;
; Timing Analyzer      ; 00:00:29     ; 1.0                     ; 4680 MB             ; 00:00:02                           ;
; Total                ; 00:02:28     ; --                      ; --                  ; 00:00:36                           ;
+----------------------+--------------+-------------------------+---------------------+------------------------------------+


+------------------------------------------------------------------------------------+
; Flow OS Summary                                                                    ;
+----------------------+------------------+------------+------------+----------------+
; Module Name          ; Machine Hostname ; OS Name    ; OS Version ; Processor type ;
+----------------------+------------------+------------+------------+----------------+
; Analysis & Synthesis ; FanielYemanePC   ; Windows 10 ; 10.0       ; x86_64         ;
; Fitter               ; FanielYemanePC   ; Windows 10 ; 10.0       ; x86_64         ;
; Assembler            ; FanielYemanePC   ; Windows 10 ; 10.0       ; x86_64         ;
; Timing Analyzer      ; FanielYemanePC   ; Windows 10 ; 10.0       ; x86_64         ;
+----------------------+------------------+------------+------------+----------------+


------------
; Flow Log ;
------------
quartus_map --read_settings_files=on --write_settings_files=off msjkff -c msjkff
quartus_fit --read_settings_files=off --write_settings_files=off msjkff -c msjkff
quartus_asm --read_settings_files=off --write_settings_files=off msjkff -c msjkff
quartus_sta msjkff -c msjkff



