Flow report for addition
Sun Apr  3 13:22:14 2022
Quartus Prime Version 21.1.0 Build 842 10/21/2021 Patches 0.02i SJ Lite Edition


---------------------
; Table of Contents ;
---------------------
  1. Legal Notice
  2. Flow Summary
  3. Flow Settings
  4. Flow Non-Default Global Settings
  5. Flow Elapsed Time
  6. Flow OS Summary
  7. Flow Log
  8. Flow Messages
  9. Flow Suppressed Messages



----------------
; Legal Notice ;
----------------
Copyright (C) 2021  Intel Corporation. All rights reserved.
Your use of Intel Corporation's design tools, logic functions 
and other software and tools, and any partner logic 
functions, and any output files from any of the foregoing 
(including device programming or simulation files), and any 
associated documentation or information are expressly subject 
to the terms and conditions of the Intel Program License 
Subscription Agreement, the Intel Quartus Prime License Agreement,
the Intel FPGA IP License Agreement, or other applicable license
agreement, including, without limitation, that your use is for
the sole purpose of programming logic devices manufactured by
Intel and sold by Intel or its authorized distributors.  Please
refer to the applicable agreement for further details, at
https://fpgasoftware.intel.com/eula.



+-----------------------------------------------------------------------------------+
; Flow Summary                                                                      ;
+-----------------------+-----------------------------------------------------------+
; Flow Status           ; Successful - Sun Apr  3 13:21:45 2022                     ;
; Quartus Prime Version ; 21.1.0 Build 842 10/21/2021 Patches 0.02i SJ Lite Edition ;
; Revision Name         ; addition                                                  ;
; Top-level Entity Name ; 8bitaddition                                              ;
; Family                ; MAX II                                                    ;
; Device                ; EPM240T100C5                                              ;
; Timing Models         ; Final                                                     ;
; Total logic elements  ; 4 / 240 ( 2 % )                                           ;
; Total pins            ; 13 / 80 ( 16 % )                                          ;
; Total virtual pins    ; 0                                                         ;
; UFM blocks            ; 0 / 1 ( 0 % )                                             ;
+-----------------------+-----------------------------------------------------------+


+-----------------------------------------+
; Flow Settings                           ;
+-------------------+---------------------+
; Option            ; Setting             ;
+-------------------+---------------------+
; Start date & time ; 04/03/2022 13:20:13 ;
; Main task         ; Compilation         ;
; Revision Name     ; addition            ;
+-------------------+---------------------+


+--------------------------------------------------------------------------------------------------------------------+
; Flow Non-Default Global Settings                                                                                   ;
+---------------------------------------+---------------------------------+---------------+-------------+------------+
; Assignment Name                       ; Value                           ; Default Value ; Entity Name ; Section Id ;
+---------------------------------------+---------------------------------+---------------+-------------+------------+
; COMPILER_SIGNATURE_ID                 ; 273419328194687.164901721325428 ; --            ; --          ; --         ;
; MAX_CORE_JUNCTION_TEMP                ; 85                              ; --            ; --          ; --         ;
; MIN_CORE_JUNCTION_TEMP                ; 0                               ; --            ; --          ; --         ;
; POWER_EXT_SUPPLY_VOLTAGE_TO_REGULATOR ; 3.3V                            ; --            ; --          ; --         ;
; PROJECT_OUTPUT_DIRECTORY              ; output_files                    ; --            ; --          ; --         ;
; TOP_LEVEL_ENTITY                      ; 8bitaddition                    ; addition      ; --          ; --         ;
+---------------------------------------+---------------------------------+---------------+-------------+------------+


+--------------------------------------------------------------------------------------------------------------------------+
; Flow Elapsed Time                                                                                                        ;
+----------------------+--------------+-------------------------+---------------------+------------------------------------+
; Module Name          ; Elapsed Time ; Average Processors Used ; Peak Virtual Memory ; Total CPU Time (on all processors) ;
+----------------------+--------------+-------------------------+---------------------+------------------------------------+
; Analysis & Synthesis ; 00:00:41     ; 1.0                     ; 4730 MB             ; 00:00:26                           ;
; Fitter               ; 00:00:36     ; 1.0                     ; 5528 MB             ; 00:00:02                           ;
; Assembler            ; 00:00:41     ; 1.0                     ; 4694 MB             ; 00:00:01                           ;
; Timing Analyzer      ; 00:00:28     ; 1.0                     ; 4680 MB             ; 00:00:02                           ;
; Total                ; 00:02:26     ; --                      ; --                  ; 00:00:31                           ;
+----------------------+--------------+-------------------------+---------------------+------------------------------------+


+------------------------------------------------------------------------------------+
; Flow OS Summary                                                                    ;
+----------------------+------------------+------------+------------+----------------+
; Module Name          ; Machine Hostname ; OS Name    ; OS Version ; Processor type ;
+----------------------+------------------+------------+------------+----------------+
; Analysis & Synthesis ; FanielYemanePC   ; Windows 10 ; 10.0       ; x86_64         ;
; Fitter               ; FanielYemanePC   ; Windows 10 ; 10.0       ; x86_64         ;
; Assembler            ; FanielYemanePC   ; Windows 10 ; 10.0       ; x86_64         ;
; Timing Analyzer      ; FanielYemanePC   ; Windows 10 ; 10.0       ; x86_64         ;
+----------------------+------------------+------------+------------+----------------+


------------
; Flow Log ;
------------
quartus_map --read_settings_files=on --write_settings_files=off addition -c addition
quartus_fit --read_settings_files=off --write_settings_files=off addition -c addition
quartus_asm --read_settings_files=off --write_settings_files=off addition -c addition
quartus_sta addition -c addition



