Analysis & Synthesis report for addition
Sun Apr  3 13:20:26 2022
Quartus Prime Version 21.1.0 Build 842 10/21/2021 Patches 0.02i SJ Lite Edition


---------------------
; Table of Contents ;
---------------------
  1. Legal Notice
  2. Analysis & Synthesis Summary
  3. Analysis & Synthesis Settings
  4. Parallel Compilation
  5. Analysis & Synthesis Source Files Read
  6. Analysis & Synthesis Resource Usage Summary
  7. Analysis & Synthesis Resource Utilization by Entity
  8. General Register Statistics
  9. Parameter Settings for User Entity Instance: 74283:inst2
 10. Parameter Settings for User Entity Instance: 74283:inst
 11. Analysis & Synthesis Messages



----------------
; Legal Notice ;
----------------
Copyright (C) 2021  Intel Corporation. All rights reserved.
Your use of Intel Corporation's design tools, logic functions 
and other software and tools, and any partner logic 
functions, and any output files from any of the foregoing 
(including device programming or simulation files), and any 
associated documentation or information are expressly subject 
to the terms and conditions of the Intel Program License 
Subscription Agreement, the Intel Quartus Prime License Agreement,
the Intel FPGA IP License Agreement, or other applicable license
agreement, including, without limitation, that your use is for
the sole purpose of programming logic devices manufactured by
Intel and sold by Intel or its authorized distributors.  Please
refer to the applicable agreement for further details, at
https://fpgasoftware.intel.com/eula.



+-----------------------------------------------------------------------------------------+
; Analysis & Synthesis Summary                                                            ;
+-----------------------------+-----------------------------------------------------------+
; Analysis & Synthesis Status ; Successful - Sun Apr  3 13:20:26 2022                     ;
; Quartus Prime Version       ; 21.1.0 Build 842 10/21/2021 Patches 0.02i SJ Lite Edition ;
; Revision Name               ; addition                                                  ;
; Top-level Entity Name       ; 8bitaddition                                              ;
; Family                      ; MAX II                                                    ;
; Total logic elements        ; 4                                                         ;
; Total pins                  ; 13                                                        ;
; Total virtual pins          ; 0                                                         ;
; UFM blocks                  ; 0 / 1 ( 0 % )                                             ;
+-----------------------------+-----------------------------------------------------------+


+------------------------------------------------------------------------------------------------------------+
; Analysis & Synthesis Settings                                                                              ;
+------------------------------------------------------------------+--------------------+--------------------+
; Option                                                           ; Setting            ; Default Value      ;
+------------------------------------------------------------------+--------------------+--------------------+
; Device                                                           ; EPM240T100C5       ;                    ;
; Top-level entity name                                            ; 8bitaddition       ; addition           ;
; Family name                                                      ; MAX II             ; Cyclone V          ;
; Use smart compilation                                            ; Off                ; Off                ;
; Enable parallel Assembler and Timing Analyzer during compilation ; On                 ; On                 ;
; Enable compact report table                                      ; Off                ; Off                ;
; Restructure Multiplexers                                         ; Auto               ; Auto               ;
; Create Debugging Nodes for IP Cores                              ; Off                ; Off                ;
; Preserve fewer node names                                        ; On                 ; On                 ;
; Intel FPGA IP Evaluation Mode                                    ; Enable             ; Enable             ;
; Verilog Version                                                  ; Verilog_2001       ; Verilog_2001       ;
; VHDL Version                                                     ; VHDL_1993          ; VHDL_1993          ;
; State Machine Processing                                         ; Auto               ; Auto               ;
; Safe State Machine                                               ; Off                ; Off                ;
; Extract Verilog State Machines                                   ; On                 ; On                 ;
; Extract VHDL State Machines                                      ; On                 ; On                 ;
; Ignore Verilog initial constructs                                ; Off                ; Off                ;
; Iteration limit for constant Verilog loops                       ; 5000               ; 5000               ;
; Iteration limit for non-constant Verilog loops                   ; 250                ; 250                ;
; Add Pass-Through Logic to Inferred RAMs                          ; On                 ; On                 ;
; Infer RAMs from Raw Logic                                        ; On                 ; On                 ;
; Parallel Synthesis                                               ; On                 ; On                 ;
; NOT Gate Push-Back                                               ; On                 ; On                 ;
; Power-Up Don't Care                                              ; On                 ; On                 ;
; Remove Redundant Logic Cells                                     ; Off                ; Off                ;
; Remove Duplicate Registers                                       ; On                 ; On                 ;
; Ignore CARRY Buffers                                             ; Off                ; Off                ;
; Ignore CASCADE Buffers                                           ; Off                ; Off                ;
; Ignore GLOBAL Buffers                                            ; Off                ; Off                ;
; Ignore ROW GLOBAL Buffers                                        ; Off                ; Off                ;
; Ignore LCELL Buffers                                             ; Off                ; Off                ;
; Ignore SOFT Buffers                                              ; On                 ; On                 ;
; Limit AHDL Integers to 32 Bits                                   ; Off                ; Off                ;
; Optimization Technique                                           ; Balanced           ; Balanced           ;
; Carry Chain Length                                               ; 70                 ; 70                 ;
; Auto Carry Chains                                                ; On                 ; On                 ;
; Auto Open-Drain Pins                                             ; On                 ; On                 ;
; Perform WYSIWYG Primitive Resynthesis                            ; Off                ; Off                ;
; Auto Shift Register Replacement                                  ; Auto               ; Auto               ;
; Allow Shift Register Merging across Hierarchies                  ; Auto               ; Auto               ;
; Auto Clock Enable Replacement                                    ; On                 ; On                 ;
; Allow Synchronous Control Signals                                ; On                 ; On                 ;
; Force Use of Synchronous Clear Signals                           ; Off                ; Off                ;
; Auto Resource Sharing                                            ; Off                ; Off                ;
; Use LogicLock Constraints during Resource Balancing              ; On                 ; On                 ;
; Ignore translate_off and synthesis_off directives                ; Off                ; Off                ;
; Report Parameter Settings                                        ; On                 ; On                 ;
; Report Source Assignments                                        ; On                 ; On                 ;
; Report Connectivity Checks                                       ; On                 ; On                 ;
; Ignore Maximum Fan-Out Assignments                               ; Off                ; Off                ;
; Synchronization Register Chain Length                            ; 2                  ; 2                  ;
; Power Optimization During Synthesis                              ; Normal compilation ; Normal compilation ;
; HDL message level                                                ; Level2             ; Level2             ;
; Suppress Register Optimization Related Messages                  ; Off                ; Off                ;
; Number of Removed Registers Reported in Synthesis Report         ; 5000               ; 5000               ;
; Number of Swept Nodes Reported in Synthesis Report               ; 5000               ; 5000               ;
; Number of Inverted Registers Reported in Synthesis Report        ; 100                ; 100                ;
; Clock MUX Protection                                             ; On                 ; On                 ;
; Block Design Naming                                              ; Auto               ; Auto               ;
; Synthesis Effort                                                 ; Auto               ; Auto               ;
; Shift Register Replacement - Allow Asynchronous Clear Signal     ; On                 ; On                 ;
; Analysis & Synthesis Message Level                               ; Medium             ; Medium             ;
; Disable Register Merging Across Hierarchies                      ; Auto               ; Auto               ;
+------------------------------------------------------------------+--------------------+--------------------+


+------------------------------------------+
; Parallel Compilation                     ;
+----------------------------+-------------+
; Processors                 ; Number      ;
+----------------------------+-------------+
; Number detected on machine ; 12          ;
; Maximum allowed            ; 6           ;
;                            ;             ;
; Average used               ; 1.00        ;
; Maximum used               ; 1           ;
;                            ;             ;
; Usage by Processor         ; % Time Used ;
;     Processor 1            ; 100.0%      ;
+----------------------------+-------------+


+---------------------------------------------------------------------------------------------------------------------------------------------------------------------------------------------------------+
; Analysis & Synthesis Source Files Read                                                                                                                                                                  ;
+----------------------------------+-----------------+------------------------------------+-----------------------------------------------------------------------------------------------------+---------+
; File Name with User-Entered Path ; Used in Netlist ; File Type                          ; File Name with Absolute Path                                                                        ; Library ;
+----------------------------------+-----------------+------------------------------------+-----------------------------------------------------------------------------------------------------+---------+
; 8bitaddition.bdf                 ; yes             ; User Block Diagram/Schematic File  ; C:/Users/Faniel/OneDrive/Desktop/BCIT/ELEX 1117/room visitor counter proj/addition/8bitaddition.bdf ;         ;
; 74283.tdf                        ; yes             ; Megafunction                       ; c:/intelfpga_lite/21.1/quartus/libraries/others/maxplus2/74283.tdf                                  ;         ;
; aglobal.inc                      ; yes             ; Megafunction                       ; c:/intelfpga_lite/21.1/quartus/libraries/megafunctions/aglobal.inc                                  ;         ;
; f74283.bdf                       ; yes             ; Megafunction                       ; c:/intelfpga_lite/21.1/quartus/libraries/others/maxplus2/f74283.bdf                                 ;         ;
+----------------------------------+-----------------+------------------------------------+-----------------------------------------------------------------------------------------------------+---------+


+-----------------------------------------------------+
; Analysis & Synthesis Resource Usage Summary         ;
+---------------------------------------------+-------+
; Resource                                    ; Usage ;
+---------------------------------------------+-------+
; Total logic elements                        ; 4     ;
;     -- Combinational with no register       ; 4     ;
;     -- Register only                        ; 0     ;
;     -- Combinational with a register        ; 0     ;
;                                             ;       ;
; Logic element usage by number of LUT inputs ;       ;
;     -- 4 input functions                    ; 0     ;
;     -- 3 input functions                    ; 1     ;
;     -- 2 input functions                    ; 2     ;
;     -- 1 input functions                    ; 1     ;
;     -- 0 input functions                    ; 0     ;
;                                             ;       ;
; Logic elements by mode                      ;       ;
;     -- normal mode                          ; 2     ;
;     -- arithmetic mode                      ; 2     ;
;     -- qfbk mode                            ; 0     ;
;     -- register cascade mode                ; 0     ;
;     -- synchronous clear/load mode          ; 0     ;
;     -- asynchronous clear/load mode         ; 0     ;
;                                             ;       ;
; Total registers                             ; 0     ;
; Total logic cells in carry chains           ; 3     ;
; I/O pins                                    ; 13    ;
; Maximum fan-out node                        ; A0    ;
; Maximum fan-out                             ; 2     ;
; Total fan-out                               ; 11    ;
; Average fan-out                             ; 0.65  ;
+---------------------------------------------+-------+


+------------------------------------------------------------------------------------------------------------------------------------------------------------------------------------------------------------------------------------------------------+
; Analysis & Synthesis Resource Utilization by Entity                                                                                                                                                                                                  ;
+----------------------------+-------------+--------------+------------+------+--------------+--------------+-------------------+------------------+-----------------+------------+--------------------------------------+--------------+--------------+
; Compilation Hierarchy Node ; Logic Cells ; LC Registers ; UFM Blocks ; Pins ; Virtual Pins ; LUT-Only LCs ; Register-Only LCs ; LUT/Register LCs ; Carry Chain LCs ; Packed LCs ; Full Hierarchy Name                  ; Entity Name  ; Library Name ;
+----------------------------+-------------+--------------+------------+------+--------------+--------------+-------------------+------------------+-----------------+------------+--------------------------------------+--------------+--------------+
; |8bitaddition              ; 4 (0)       ; 0            ; 0          ; 13   ; 0            ; 4 (0)        ; 0 (0)             ; 0 (0)            ; 3 (0)           ; 0 (0)      ; |8bitaddition                        ; 8bitaddition ; work         ;
;    |74283:inst2|           ; 4 (0)       ; 0            ; 0          ; 0    ; 0            ; 4 (0)        ; 0 (0)             ; 0 (0)            ; 3 (0)           ; 0 (0)      ; |8bitaddition|74283:inst2            ; 74283        ; work         ;
;       |f74283:sub|         ; 4 (4)       ; 0            ; 0          ; 0    ; 0            ; 4 (4)        ; 0 (0)             ; 0 (0)            ; 3 (3)           ; 0 (0)      ; |8bitaddition|74283:inst2|f74283:sub ; f74283       ; work         ;
+----------------------------+-------------+--------------+------------+------+--------------+--------------+-------------------+------------------+-----------------+------------+--------------------------------------+--------------+--------------+
Note: For table entries with two numbers listed, the numbers in parentheses indicate the number of resources of the given type used by the specific entity alone. The numbers listed outside of parentheses indicate the total resources of the given type used by the specific entity and all of its sub-entities in the hierarchy.


+------------------------------------------------------+
; General Register Statistics                          ;
+----------------------------------------------+-------+
; Statistic                                    ; Value ;
+----------------------------------------------+-------+
; Total registers                              ; 0     ;
; Number of registers using Synchronous Clear  ; 0     ;
; Number of registers using Synchronous Load   ; 0     ;
; Number of registers using Asynchronous Clear ; 0     ;
; Number of registers using Asynchronous Load  ; 0     ;
; Number of registers using Clock Enable       ; 0     ;
; Number of registers using Preset             ; 0     ;
+----------------------------------------------+-------+


+----------------------------------------------------------+
; Parameter Settings for User Entity Instance: 74283:inst2 ;
+------------------------+--------+------------------------+
; Parameter Name         ; Value  ; Type                   ;
+------------------------+--------+------------------------+
; DEVICE_FAMILY          ; MAX II ; Untyped                ;
; AUTO_CARRY_CHAINS      ; ON     ; AUTO_CARRY             ;
; IGNORE_CARRY_BUFFERS   ; OFF    ; IGNORE_CARRY           ;
; AUTO_CASCADE_CHAINS    ; ON     ; AUTO_CASCADE           ;
; IGNORE_CASCADE_BUFFERS ; OFF    ; IGNORE_CASCADE         ;
+------------------------+--------+------------------------+
Note: In order to hide this table in the UI and the text report file, please set the "Show Parameter Settings in Synthesis Report" option in "Analysis and Synthesis Settings -> More Settings" to "Off".


+---------------------------------------------------------+
; Parameter Settings for User Entity Instance: 74283:inst ;
+------------------------+--------+-----------------------+
; Parameter Name         ; Value  ; Type                  ;
+------------------------+--------+-----------------------+
; DEVICE_FAMILY          ; MAX II ; Untyped               ;
; AUTO_CARRY_CHAINS      ; ON     ; AUTO_CARRY            ;
; IGNORE_CARRY_BUFFERS   ; OFF    ; IGNORE_CARRY          ;
; AUTO_CASCADE_CHAINS    ; ON     ; AUTO_CASCADE          ;
; IGNORE_CASCADE_BUFFERS ; OFF    ; IGNORE_CASCADE        ;
+------------------------+--------+-----------------------+
Note: In order to hide this table in the UI and the text report file, please set the "Show Parameter Settings in Synthesis Report" option in "Analysis and Synthesis Settings -> More Settings" to "Off".


+-------------------------------+
; Analysis & Synthesis Messages ;
+-------------------------------+
Info: *******************************************************************
Info: Running Quartus Prime Analysis & Synthesis
    Info: Version 21.1.0 Build 842 10/21/2021 Patches 0.02i SJ Lite Edition
    Info: Processing started: Sun Apr  3 13:19:45 2022
Info: Command: quartus_map --read_settings_files=on --write_settings_files=off addition -c addition
Warning (18236): Number of processors has not been specified which may cause overloading on shared machines.  Set the global assignment NUM_PARALLEL_PROCESSORS in your QSF to an appropriate value for best performance.
Info (20030): Parallel compilation is enabled and will use 6 of the 6 processors detected
Info (12021): Found 1 design units, including 1 entities, in source file 8bitaddition.bdf
    Info (12023): Found entity 1: 8bitaddition
Info (12127): Elaborating entity "8bitaddition" for the top level hierarchy
Info (12128): Elaborating entity "74283" for hierarchy "74283:inst2"
Info (12130): Elaborated megafunction instantiation "74283:inst2"
Info (12128): Elaborating entity "f74283" for hierarchy "74283:inst2|f74283:sub" File: c:/intelfpga_lite/21.1/quartus/libraries/others/maxplus2/74283.tdf Line: 24
Info (12131): Elaborated megafunction instantiation "74283:inst2|f74283:sub", which is child of megafunction instantiation "74283:inst2" File: c:/intelfpga_lite/21.1/quartus/libraries/others/maxplus2/74283.tdf Line: 24
Info (12128): Elaborating entity "74283" for hierarchy "74283:inst"
Info (12130): Elaborated megafunction instantiation "74283:inst"
Info (13014): Ignored 4 buffer(s)
    Info (13019): Ignored 4 SOFT buffer(s)
Info (13014): Ignored 3 buffer(s)
    Info (13019): Ignored 3 SOFT buffer(s)
Warning (13024): Output pins are stuck at VCC or GND
    Warning (13410): Pin "SUM3" is stuck at GND
    Warning (13410): Pin "SUM4" is stuck at GND
    Warning (13410): Pin "SUM5" is stuck at GND
    Warning (13410): Pin "SUM6" is stuck at GND
    Warning (13410): Pin "SUM7" is stuck at GND
    Warning (13410): Pin "COUT" is stuck at GND
Info (18008): Converted 1 single input CARRY primitives to CARRY_SUM primitives
Info (21057): Implemented 17 device resources after synthesis - the final resource count might be different
    Info (21058): Implemented 4 input pins
    Info (21059): Implemented 9 output pins
    Info (21061): Implemented 4 logic cells
Info: Quartus Prime Analysis & Synthesis was successful. 0 errors, 8 warnings
    Info: Peak virtual memory: 4730 megabytes
    Info: Processing ended: Sun Apr  3 13:20:26 2022
    Info: Elapsed time: 00:00:41
    Info: Total CPU time (on all processors): 00:00:26


