Analysis & Synthesis report for RVC
Thu Sep  8 17:35:15 2022
Quartus Prime Version 21.1.0 Build 842 10/21/2021 Patches 0.02i SJ Lite Edition


---------------------
; Table of Contents ;
---------------------
  1. Legal Notice
  2. Analysis & Synthesis Summary
  3. Analysis & Synthesis Settings
  4. Parallel Compilation
  5. Analysis & Synthesis Source Files Read
  6. Analysis & Synthesis Resource Usage Summary
  7. Analysis & Synthesis Resource Utilization by Entity
  8. Logic Cells Representing Combinational Loops
  9. General Register Statistics
 10. Parameter Settings for User Entity Instance: Eight_bit_adder:inst13|74283:inst2
 11. Parameter Settings for User Entity Instance: Eight_bit_adder:inst13|74283:inst
 12. Parameter Settings for User Entity Instance: Eight_bit_adder:inst7|74283:inst2
 13. Parameter Settings for User Entity Instance: Eight_bit_adder:inst7|74283:inst
 14. Analysis & Synthesis Messages



----------------
; Legal Notice ;
----------------
Copyright (C) 2021  Intel Corporation. All rights reserved.
Your use of Intel Corporation's design tools, logic functions 
and other software and tools, and any partner logic 
functions, and any output files from any of the foregoing 
(including device programming or simulation files), and any 
associated documentation or information are expressly subject 
to the terms and conditions of the Intel Program License 
Subscription Agreement, the Intel Quartus Prime License Agreement,
the Intel FPGA IP License Agreement, or other applicable license
agreement, including, without limitation, that your use is for
the sole purpose of programming logic devices manufactured by
Intel and sold by Intel or its authorized distributors.  Please
refer to the applicable agreement for further details, at
https://fpgasoftware.intel.com/eula.



+-----------------------------------------------------------------------------------------+
; Analysis & Synthesis Summary                                                            ;
+-----------------------------+-----------------------------------------------------------+
; Analysis & Synthesis Status ; Successful - Thu Sep  8 17:35:15 2022                     ;
; Quartus Prime Version       ; 21.1.0 Build 842 10/21/2021 Patches 0.02i SJ Lite Edition ;
; Revision Name               ; RVC                                                       ;
; Top-level Entity Name       ; RVCcounter                                                ;
; Family                      ; MAX II                                                    ;
; Total logic elements        ; 158                                                       ;
; Total pins                  ; 26                                                        ;
; Total virtual pins          ; 0                                                         ;
; UFM blocks                  ; 0 / 1 ( 0 % )                                             ;
+-----------------------------+-----------------------------------------------------------+


+------------------------------------------------------------------------------------------------------------+
; Analysis & Synthesis Settings                                                                              ;
+------------------------------------------------------------------+--------------------+--------------------+
; Option                                                           ; Setting            ; Default Value      ;
+------------------------------------------------------------------+--------------------+--------------------+
; Device                                                           ; EPM240T100C5       ;                    ;
; Top-level entity name                                            ; RVCcounter         ; RVC                ;
; Family name                                                      ; MAX II             ; Cyclone V          ;
; Use smart compilation                                            ; On                 ; Off                ;
; Enable parallel Assembler and Timing Analyzer during compilation ; On                 ; On                 ;
; Enable compact report table                                      ; Off                ; Off                ;
; Restructure Multiplexers                                         ; Auto               ; Auto               ;
; Create Debugging Nodes for IP Cores                              ; Off                ; Off                ;
; Preserve fewer node names                                        ; On                 ; On                 ;
; Intel FPGA IP Evaluation Mode                                    ; Enable             ; Enable             ;
; Verilog Version                                                  ; Verilog_2001       ; Verilog_2001       ;
; VHDL Version                                                     ; VHDL_1993          ; VHDL_1993          ;
; State Machine Processing                                         ; Auto               ; Auto               ;
; Safe State Machine                                               ; Off                ; Off                ;
; Extract Verilog State Machines                                   ; On                 ; On                 ;
; Extract VHDL State Machines                                      ; On                 ; On                 ;
; Ignore Verilog initial constructs                                ; Off                ; Off                ;
; Iteration limit for constant Verilog loops                       ; 5000               ; 5000               ;
; Iteration limit for non-constant Verilog loops                   ; 250                ; 250                ;
; Add Pass-Through Logic to Inferred RAMs                          ; On                 ; On                 ;
; Infer RAMs from Raw Logic                                        ; On                 ; On                 ;
; Parallel Synthesis                                               ; On                 ; On                 ;
; NOT Gate Push-Back                                               ; On                 ; On                 ;
; Power-Up Don't Care                                              ; On                 ; On                 ;
; Remove Redundant Logic Cells                                     ; Off                ; Off                ;
; Remove Duplicate Registers                                       ; On                 ; On                 ;
; Ignore CARRY Buffers                                             ; Off                ; Off                ;
; Ignore CASCADE Buffers                                           ; Off                ; Off                ;
; Ignore GLOBAL Buffers                                            ; Off                ; Off                ;
; Ignore ROW GLOBAL Buffers                                        ; Off                ; Off                ;
; Ignore LCELL Buffers                                             ; Off                ; Off                ;
; Ignore SOFT Buffers                                              ; On                 ; On                 ;
; Limit AHDL Integers to 32 Bits                                   ; Off                ; Off                ;
; Optimization Technique                                           ; Balanced           ; Balanced           ;
; Carry Chain Length                                               ; 70                 ; 70                 ;
; Auto Carry Chains                                                ; On                 ; On                 ;
; Auto Open-Drain Pins                                             ; On                 ; On                 ;
; Perform WYSIWYG Primitive Resynthesis                            ; Off                ; Off                ;
; Auto Shift Register Replacement                                  ; Auto               ; Auto               ;
; Allow Shift Register Merging across Hierarchies                  ; Auto               ; Auto               ;
; Auto Clock Enable Replacement                                    ; On                 ; On                 ;
; Allow Synchronous Control Signals                                ; On                 ; On                 ;
; Force Use of Synchronous Clear Signals                           ; Off                ; Off                ;
; Auto Resource Sharing                                            ; Off                ; Off                ;
; Use LogicLock Constraints during Resource Balancing              ; On                 ; On                 ;
; Ignore translate_off and synthesis_off directives                ; Off                ; Off                ;
; Report Parameter Settings                                        ; On                 ; On                 ;
; Report Source Assignments                                        ; On                 ; On                 ;
; Report Connectivity Checks                                       ; On                 ; On                 ;
; Ignore Maximum Fan-Out Assignments                               ; Off                ; Off                ;
; Synchronization Register Chain Length                            ; 2                  ; 2                  ;
; Power Optimization During Synthesis                              ; Normal compilation ; Normal compilation ;
; HDL message level                                                ; Level2             ; Level2             ;
; Suppress Register Optimization Related Messages                  ; Off                ; Off                ;
; Number of Removed Registers Reported in Synthesis Report         ; 5000               ; 5000               ;
; Number of Swept Nodes Reported in Synthesis Report               ; 5000               ; 5000               ;
; Number of Inverted Registers Reported in Synthesis Report        ; 100                ; 100                ;
; Clock MUX Protection                                             ; On                 ; On                 ;
; Block Design Naming                                              ; Auto               ; Auto               ;
; Synthesis Effort                                                 ; Auto               ; Auto               ;
; Shift Register Replacement - Allow Asynchronous Clear Signal     ; On                 ; On                 ;
; Analysis & Synthesis Message Level                               ; Medium             ; Medium             ;
; Disable Register Merging Across Hierarchies                      ; Auto               ; Auto               ;
+------------------------------------------------------------------+--------------------+--------------------+


+------------------------------------------+
; Parallel Compilation                     ;
+----------------------------+-------------+
; Processors                 ; Number      ;
+----------------------------+-------------+
; Number detected on machine ; 4           ;
; Maximum allowed            ; 4           ;
;                            ;             ;
; Average used               ; 1.00        ;
; Maximum used               ; 1           ;
;                            ;             ;
; Usage by Processor         ; % Time Used ;
;     Processor 1            ; 100.0%      ;
+----------------------------+-------------+


+-----------------------------------------------------------------------------------------------------------------------------------------------------------------------------+
; Analysis & Synthesis Source Files Read                                                                                                                                      ;
+----------------------------------+-----------------+------------------------------------+-------------------------------------------------------------------------+---------+
; File Name with User-Entered Path ; Used in Netlist ; File Type                          ; File Name with Absolute Path                                            ; Library ;
+----------------------------------+-----------------+------------------------------------+-------------------------------------------------------------------------+---------+
; RVCdisplay.tdf                   ; yes             ; User AHDL File                     ; E:/room visitor counter proj/room visitor counter/RVCdisplay.tdf        ;         ;
; RVCcounter.bdf                   ; yes             ; User Block Diagram/Schematic File  ; E:/room visitor counter proj/room visitor counter/RVCcounter.bdf        ;         ;
; Eight_bit_adder.bdf              ; yes             ; User Block Diagram/Schematic File  ; E:/room visitor counter proj/room visitor counter/Eight_bit_adder.bdf   ;         ;
; Master_slave_t_ff.bdf            ; yes             ; User Block Diagram/Schematic File  ; E:/room visitor counter proj/room visitor counter/Master_slave_t_ff.bdf ;         ;
; 74283.tdf                        ; yes             ; Megafunction                       ; c:/intelfpga_lite/21.1/quartus/libraries/others/maxplus2/74283.tdf      ;         ;
; aglobal.inc                      ; yes             ; Megafunction                       ; c:/intelfpga_lite/21.1/quartus/libraries/megafunctions/aglobal.inc      ;         ;
; f74283.bdf                       ; yes             ; Megafunction                       ; c:/intelfpga_lite/21.1/quartus/libraries/others/maxplus2/f74283.bdf     ;         ;
+----------------------------------+-----------------+------------------------------------+-------------------------------------------------------------------------+---------+


+-----------------------------------------------------------------------------------------------+
; Analysis & Synthesis Resource Usage Summary                                                   ;
+---------------------------------------------+-------------------------------------------------+
; Resource                                    ; Usage                                           ;
+---------------------------------------------+-------------------------------------------------+
; Total logic elements                        ; 158                                             ;
;     -- Combinational with no register       ; 156                                             ;
;     -- Register only                        ; 2                                               ;
;     -- Combinational with a register        ; 0                                               ;
;                                             ;                                                 ;
; Logic element usage by number of LUT inputs ;                                                 ;
;     -- 4 input functions                    ; 74                                              ;
;     -- 3 input functions                    ; 48                                              ;
;     -- 2 input functions                    ; 34                                              ;
;     -- 1 input functions                    ; 0                                               ;
;     -- 0 input functions                    ; 0                                               ;
;                                             ;                                                 ;
; Logic elements by mode                      ;                                                 ;
;     -- normal mode                          ; 158                                             ;
;     -- arithmetic mode                      ; 0                                               ;
;     -- qfbk mode                            ; 0                                               ;
;     -- register cascade mode                ; 0                                               ;
;     -- synchronous clear/load mode          ; 0                                               ;
;     -- asynchronous clear/load mode         ; 0                                               ;
;                                             ;                                                 ;
; Total registers                             ; 2                                               ;
; I/O pins                                    ; 26                                              ;
; Maximum fan-out node                        ; Eight_bit_adder:inst13|74283:inst|f74283:sub|76 ;
; Maximum fan-out                             ; 34                                              ;
; Total fan-out                               ; 536                                             ;
; Average fan-out                             ; 2.91                                            ;
+---------------------------------------------+-------------------------------------------------+


+-----------------------------------------------------------------------------------------------------------------------------------------------------------------------------------------------------------------------------------------------------------------------------------+
; Analysis & Synthesis Resource Utilization by Entity                                                                                                                                                                                                                               ;
+-------------------------------+-------------+--------------+------------+------+--------------+--------------+-------------------+------------------+-----------------+------------+-----------------------------------------------------------+-------------------+--------------+
; Compilation Hierarchy Node    ; Logic Cells ; LC Registers ; UFM Blocks ; Pins ; Virtual Pins ; LUT-Only LCs ; Register-Only LCs ; LUT/Register LCs ; Carry Chain LCs ; Packed LCs ; Full Hierarchy Name                                       ; Entity Name       ; Library Name ;
+-------------------------------+-------------+--------------+------------+------+--------------+--------------+-------------------+------------------+-----------------+------------+-----------------------------------------------------------+-------------------+--------------+
; |RVCcounter                   ; 158 (2)     ; 2            ; 0          ; 26   ; 0            ; 156 (0)      ; 2 (2)             ; 0 (0)            ; 0 (0)           ; 0 (0)      ; |RVCcounter                                               ; RVCcounter        ; work         ;
;    |Eight_bit_adder:inst13|   ; 19 (0)      ; 0            ; 0          ; 0    ; 0            ; 19 (0)       ; 0 (0)             ; 0 (0)            ; 0 (0)           ; 0 (0)      ; |RVCcounter|Eight_bit_adder:inst13                        ; Eight_bit_adder   ; work         ;
;       |74283:inst2|           ; 11 (0)      ; 0            ; 0          ; 0    ; 0            ; 11 (0)       ; 0 (0)             ; 0 (0)            ; 0 (0)           ; 0 (0)      ; |RVCcounter|Eight_bit_adder:inst13|74283:inst2            ; 74283             ; work         ;
;          |f74283:sub|         ; 11 (11)     ; 0            ; 0          ; 0    ; 0            ; 11 (11)      ; 0 (0)             ; 0 (0)            ; 0 (0)           ; 0 (0)      ; |RVCcounter|Eight_bit_adder:inst13|74283:inst2|f74283:sub ; f74283            ; work         ;
;       |74283:inst|            ; 8 (0)       ; 0            ; 0          ; 0    ; 0            ; 8 (0)        ; 0 (0)             ; 0 (0)            ; 0 (0)           ; 0 (0)      ; |RVCcounter|Eight_bit_adder:inst13|74283:inst             ; 74283             ; work         ;
;          |f74283:sub|         ; 8 (8)       ; 0            ; 0          ; 0    ; 0            ; 8 (8)        ; 0 (0)             ; 0 (0)            ; 0 (0)           ; 0 (0)      ; |RVCcounter|Eight_bit_adder:inst13|74283:inst|f74283:sub  ; f74283            ; work         ;
;    |Eight_bit_adder:inst7|    ; 12 (0)      ; 0            ; 0          ; 0    ; 0            ; 12 (0)       ; 0 (0)             ; 0 (0)            ; 0 (0)           ; 0 (0)      ; |RVCcounter|Eight_bit_adder:inst7                         ; Eight_bit_adder   ; work         ;
;       |74283:inst2|           ; 6 (0)       ; 0            ; 0          ; 0    ; 0            ; 6 (0)        ; 0 (0)             ; 0 (0)            ; 0 (0)           ; 0 (0)      ; |RVCcounter|Eight_bit_adder:inst7|74283:inst2             ; 74283             ; work         ;
;          |f74283:sub|         ; 6 (6)       ; 0            ; 0          ; 0    ; 0            ; 6 (6)        ; 0 (0)             ; 0 (0)            ; 0 (0)           ; 0 (0)      ; |RVCcounter|Eight_bit_adder:inst7|74283:inst2|f74283:sub  ; f74283            ; work         ;
;       |74283:inst|            ; 6 (0)       ; 0            ; 0          ; 0    ; 0            ; 6 (0)        ; 0 (0)             ; 0 (0)            ; 0 (0)           ; 0 (0)      ; |RVCcounter|Eight_bit_adder:inst7|74283:inst              ; 74283             ; work         ;
;          |f74283:sub|         ; 6 (6)       ; 0            ; 0          ; 0    ; 0            ; 6 (6)        ; 0 (0)             ; 0 (0)            ; 0 (0)           ; 0 (0)      ; |RVCcounter|Eight_bit_adder:inst7|74283:inst|f74283:sub   ; f74283            ; work         ;
;    |Master_slave_t_ff:inst22| ; 6 (6)       ; 0            ; 0          ; 0    ; 0            ; 6 (6)        ; 0 (0)             ; 0 (0)            ; 0 (0)           ; 0 (0)      ; |RVCcounter|Master_slave_t_ff:inst22                      ; Master_slave_t_ff ; work         ;
;    |Master_slave_t_ff:inst23| ; 3 (3)       ; 0            ; 0          ; 0    ; 0            ; 3 (3)        ; 0 (0)             ; 0 (0)            ; 0 (0)           ; 0 (0)      ; |RVCcounter|Master_slave_t_ff:inst23                      ; Master_slave_t_ff ; work         ;
;    |Master_slave_t_ff:inst24| ; 4 (4)       ; 0            ; 0          ; 0    ; 0            ; 4 (4)        ; 0 (0)             ; 0 (0)            ; 0 (0)           ; 0 (0)      ; |RVCcounter|Master_slave_t_ff:inst24                      ; Master_slave_t_ff ; work         ;
;    |Master_slave_t_ff:inst25| ; 3 (3)       ; 0            ; 0          ; 0    ; 0            ; 3 (3)        ; 0 (0)             ; 0 (0)            ; 0 (0)           ; 0 (0)      ; |RVCcounter|Master_slave_t_ff:inst25                      ; Master_slave_t_ff ; work         ;
;    |Master_slave_t_ff:inst27| ; 4 (4)       ; 0            ; 0          ; 0    ; 0            ; 4 (4)        ; 0 (0)             ; 0 (0)            ; 0 (0)           ; 0 (0)      ; |RVCcounter|Master_slave_t_ff:inst27                      ; Master_slave_t_ff ; work         ;
;    |Master_slave_t_ff:inst28| ; 3 (3)       ; 0            ; 0          ; 0    ; 0            ; 3 (3)        ; 0 (0)             ; 0 (0)            ; 0 (0)           ; 0 (0)      ; |RVCcounter|Master_slave_t_ff:inst28                      ; Master_slave_t_ff ; work         ;
;    |Master_slave_t_ff:inst29| ; 4 (4)       ; 0            ; 0          ; 0    ; 0            ; 4 (4)        ; 0 (0)             ; 0 (0)            ; 0 (0)           ; 0 (0)      ; |RVCcounter|Master_slave_t_ff:inst29                      ; Master_slave_t_ff ; work         ;
;    |Master_slave_t_ff:inst30| ; 3 (3)       ; 0            ; 0          ; 0    ; 0            ; 3 (3)        ; 0 (0)             ; 0 (0)            ; 0 (0)           ; 0 (0)      ; |RVCcounter|Master_slave_t_ff:inst30                      ; Master_slave_t_ff ; work         ;
;    |Master_slave_t_ff:inst31| ; 3 (3)       ; 0            ; 0          ; 0    ; 0            ; 3 (3)        ; 0 (0)             ; 0 (0)            ; 0 (0)           ; 0 (0)      ; |RVCcounter|Master_slave_t_ff:inst31                      ; Master_slave_t_ff ; work         ;
;    |Master_slave_t_ff:inst32| ; 4 (4)       ; 0            ; 0          ; 0    ; 0            ; 4 (4)        ; 0 (0)             ; 0 (0)            ; 0 (0)           ; 0 (0)      ; |RVCcounter|Master_slave_t_ff:inst32                      ; Master_slave_t_ff ; work         ;
;    |Master_slave_t_ff:inst33| ; 3 (3)       ; 0            ; 0          ; 0    ; 0            ; 3 (3)        ; 0 (0)             ; 0 (0)            ; 0 (0)           ; 0 (0)      ; |RVCcounter|Master_slave_t_ff:inst33                      ; Master_slave_t_ff ; work         ;
;    |Master_slave_t_ff:inst34| ; 4 (4)       ; 0            ; 0          ; 0    ; 0            ; 4 (4)        ; 0 (0)             ; 0 (0)            ; 0 (0)           ; 0 (0)      ; |RVCcounter|Master_slave_t_ff:inst34                      ; Master_slave_t_ff ; work         ;
;    |Master_slave_t_ff:inst37| ; 3 (3)       ; 0            ; 0          ; 0    ; 0            ; 3 (3)        ; 0 (0)             ; 0 (0)            ; 0 (0)           ; 0 (0)      ; |RVCcounter|Master_slave_t_ff:inst37                      ; Master_slave_t_ff ; work         ;
;    |Master_slave_t_ff:inst47| ; 4 (4)       ; 0            ; 0          ; 0    ; 0            ; 4 (4)        ; 0 (0)             ; 0 (0)            ; 0 (0)           ; 0 (0)      ; |RVCcounter|Master_slave_t_ff:inst47                      ; Master_slave_t_ff ; work         ;
;    |RVCdisplay:inst8|         ; 74 (74)     ; 0            ; 0          ; 0    ; 0            ; 74 (74)      ; 0 (0)             ; 0 (0)            ; 0 (0)           ; 0 (0)      ; |RVCcounter|RVCdisplay:inst8                              ; RVCdisplay        ; work         ;
+-------------------------------+-------------+--------------+------------+------+--------------+--------------+-------------------+------------------+-----------------+------------+-----------------------------------------------------------+-------------------+--------------+
Note: For table entries with two numbers listed, the numbers in parentheses indicate the number of resources of the given type used by the specific entity alone. The numbers listed outside of parentheses indicate the total resources of the given type used by the specific entity and all of its sub-entities in the hierarchy.


+-------------------------------------------------------------+
; Logic Cells Representing Combinational Loops                ;
+--------------------------------------------------------+----+
; Logic Cell Name                                        ;    ;
+--------------------------------------------------------+----+
; Master_slave_t_ff:inst29|inst10~0                      ;    ;
; Master_slave_t_ff:inst28|inst10~0                      ;    ;
; Master_slave_t_ff:inst29|inst6~0                       ;    ;
; Master_slave_t_ff:inst28|inst6~0                       ;    ;
; Master_slave_t_ff:inst27|inst10~0                      ;    ;
; Master_slave_t_ff:inst25|inst10~0                      ;    ;
; Master_slave_t_ff:inst27|inst6~0                       ;    ;
; Master_slave_t_ff:inst25|inst6~0                       ;    ;
; Master_slave_t_ff:inst24|inst10~0                      ;    ;
; Master_slave_t_ff:inst23|inst10~0                      ;    ;
; Master_slave_t_ff:inst24|inst6~0                       ;    ;
; Master_slave_t_ff:inst23|inst6~0                       ;    ;
; Master_slave_t_ff:inst22|inst10~0                      ;    ;
; Master_slave_t_ff:inst22|inst6~0                       ;    ;
; Master_slave_t_ff:inst47|inst10~0                      ;    ;
; Master_slave_t_ff:inst37|inst10~0                      ;    ;
; Master_slave_t_ff:inst47|inst6~0                       ;    ;
; Master_slave_t_ff:inst37|inst6~0                       ;    ;
; Master_slave_t_ff:inst34|inst10~0                      ;    ;
; Master_slave_t_ff:inst33|inst10~0                      ;    ;
; Master_slave_t_ff:inst34|inst6~0                       ;    ;
; Master_slave_t_ff:inst33|inst6~0                       ;    ;
; Master_slave_t_ff:inst32|inst10~0                      ;    ;
; Master_slave_t_ff:inst31|inst10~0                      ;    ;
; Master_slave_t_ff:inst32|inst6~0                       ;    ;
; Master_slave_t_ff:inst31|inst6~0                       ;    ;
; Master_slave_t_ff:inst30|inst10~0                      ;    ;
; Master_slave_t_ff:inst30|inst6~0                       ;    ;
; Number of logic cells representing combinational loops ; 28 ;
+--------------------------------------------------------+----+
Note: All cells listed above may not be present at the end of synthesis due to various synthesis optimizations.


+------------------------------------------------------+
; General Register Statistics                          ;
+----------------------------------------------+-------+
; Statistic                                    ; Value ;
+----------------------------------------------+-------+
; Total registers                              ; 2     ;
; Number of registers using Synchronous Clear  ; 0     ;
; Number of registers using Synchronous Load   ; 0     ;
; Number of registers using Asynchronous Clear ; 0     ;
; Number of registers using Asynchronous Load  ; 0     ;
; Number of registers using Clock Enable       ; 0     ;
; Number of registers using Preset             ; 0     ;
+----------------------------------------------+-------+


+---------------------------------------------------------------------------------+
; Parameter Settings for User Entity Instance: Eight_bit_adder:inst13|74283:inst2 ;
+------------------------+--------+-----------------------------------------------+
; Parameter Name         ; Value  ; Type                                          ;
+------------------------+--------+-----------------------------------------------+
; DEVICE_FAMILY          ; MAX II ; Untyped                                       ;
; AUTO_CARRY_CHAINS      ; ON     ; AUTO_CARRY                                    ;
; IGNORE_CARRY_BUFFERS   ; OFF    ; IGNORE_CARRY                                  ;
; AUTO_CASCADE_CHAINS    ; ON     ; AUTO_CASCADE                                  ;
; IGNORE_CASCADE_BUFFERS ; OFF    ; IGNORE_CASCADE                                ;
+------------------------+--------+-----------------------------------------------+
Note: In order to hide this table in the UI and the text report file, please set the "Show Parameter Settings in Synthesis Report" option in "Analysis and Synthesis Settings -> More Settings" to "Off".


+--------------------------------------------------------------------------------+
; Parameter Settings for User Entity Instance: Eight_bit_adder:inst13|74283:inst ;
+------------------------+--------+----------------------------------------------+
; Parameter Name         ; Value  ; Type                                         ;
+------------------------+--------+----------------------------------------------+
; DEVICE_FAMILY          ; MAX II ; Untyped                                      ;
; AUTO_CARRY_CHAINS      ; ON     ; AUTO_CARRY                                   ;
; IGNORE_CARRY_BUFFERS   ; OFF    ; IGNORE_CARRY                                 ;
; AUTO_CASCADE_CHAINS    ; ON     ; AUTO_CASCADE                                 ;
; IGNORE_CASCADE_BUFFERS ; OFF    ; IGNORE_CASCADE                               ;
+------------------------+--------+----------------------------------------------+
Note: In order to hide this table in the UI and the text report file, please set the "Show Parameter Settings in Synthesis Report" option in "Analysis and Synthesis Settings -> More Settings" to "Off".


+--------------------------------------------------------------------------------+
; Parameter Settings for User Entity Instance: Eight_bit_adder:inst7|74283:inst2 ;
+------------------------+--------+----------------------------------------------+
; Parameter Name         ; Value  ; Type                                         ;
+------------------------+--------+----------------------------------------------+
; DEVICE_FAMILY          ; MAX II ; Untyped                                      ;
; AUTO_CARRY_CHAINS      ; ON     ; AUTO_CARRY                                   ;
; IGNORE_CARRY_BUFFERS   ; OFF    ; IGNORE_CARRY                                 ;
; AUTO_CASCADE_CHAINS    ; ON     ; AUTO_CASCADE                                 ;
; IGNORE_CASCADE_BUFFERS ; OFF    ; IGNORE_CASCADE                               ;
+------------------------+--------+----------------------------------------------+
Note: In order to hide this table in the UI and the text report file, please set the "Show Parameter Settings in Synthesis Report" option in "Analysis and Synthesis Settings -> More Settings" to "Off".


+-------------------------------------------------------------------------------+
; Parameter Settings for User Entity Instance: Eight_bit_adder:inst7|74283:inst ;
+------------------------+--------+---------------------------------------------+
; Parameter Name         ; Value  ; Type                                        ;
+------------------------+--------+---------------------------------------------+
; DEVICE_FAMILY          ; MAX II ; Untyped                                     ;
; AUTO_CARRY_CHAINS      ; ON     ; AUTO_CARRY                                  ;
; IGNORE_CARRY_BUFFERS   ; OFF    ; IGNORE_CARRY                                ;
; AUTO_CASCADE_CHAINS    ; ON     ; AUTO_CASCADE                                ;
; IGNORE_CASCADE_BUFFERS ; OFF    ; IGNORE_CASCADE                              ;
+------------------------+--------+---------------------------------------------+
Note: In order to hide this table in the UI and the text report file, please set the "Show Parameter Settings in Synthesis Report" option in "Analysis and Synthesis Settings -> More Settings" to "Off".


+-------------------------------+
; Analysis & Synthesis Messages ;
+-------------------------------+
Info: *******************************************************************
Info: Running Quartus Prime Analysis & Synthesis
    Info: Version 21.1.0 Build 842 10/21/2021 Patches 0.02i SJ Lite Edition
    Info: Processing started: Thu Sep  8 17:35:02 2022
Info: Command: quartus_map --read_settings_files=on --write_settings_files=off RVC -c RVC
Warning (18236): Number of processors has not been specified which may cause overloading on shared machines.  Set the global assignment NUM_PARALLEL_PROCESSORS in your QSF to an appropriate value for best performance.
Info (20030): Parallel compilation is enabled and will use 4 of the 4 processors detected
Info (12021): Found 1 design units, including 1 entities, in source file rvcdisplay.tdf
    Info (12023): Found entity 1: RVCdisplay File: E:/room visitor counter proj/room visitor counter/RVCdisplay.tdf Line: 1
Info (12021): Found 1 design units, including 1 entities, in source file rvccounter.bdf
    Info (12023): Found entity 1: RVCcounter
Info (12021): Found 1 design units, including 1 entities, in source file eight_bit_adder.bdf
    Info (12023): Found entity 1: Eight_bit_adder
Info (12021): Found 1 design units, including 1 entities, in source file master_slave_t_ff.bdf
    Info (12023): Found entity 1: Master_slave_t_ff
Info (12127): Elaborating entity "RVCcounter" for the top level hierarchy
Info (12128): Elaborating entity "RVCdisplay" for hierarchy "RVCdisplay:inst8"
Info (12128): Elaborating entity "Eight_bit_adder" for hierarchy "Eight_bit_adder:inst13"
Info (12128): Elaborating entity "74283" for hierarchy "Eight_bit_adder:inst13|74283:inst2"
Info (12130): Elaborated megafunction instantiation "Eight_bit_adder:inst13|74283:inst2"
Info (12128): Elaborating entity "f74283" for hierarchy "Eight_bit_adder:inst13|74283:inst2|f74283:sub" File: c:/intelfpga_lite/21.1/quartus/libraries/others/maxplus2/74283.tdf Line: 24
Info (12131): Elaborated megafunction instantiation "Eight_bit_adder:inst13|74283:inst2|f74283:sub", which is child of megafunction instantiation "Eight_bit_adder:inst13|74283:inst2" File: c:/intelfpga_lite/21.1/quartus/libraries/others/maxplus2/74283.tdf Line: 24
Info (12128): Elaborating entity "74283" for hierarchy "Eight_bit_adder:inst13|74283:inst"
Info (12130): Elaborated megafunction instantiation "Eight_bit_adder:inst13|74283:inst"
Info (12128): Elaborating entity "Master_slave_t_ff" for hierarchy "Master_slave_t_ff:inst22"
Info (13014): Ignored 31 buffer(s)
    Info (13019): Ignored 31 SOFT buffer(s)
Info (13014): Ignored 18 buffer(s)
    Info (13019): Ignored 18 SOFT buffer(s)
Info (18008): Converted 4 single input CARRY primitives to CARRY_SUM primitives
Warning (18009): Ignored 16 CARRY_SUM primitives
    Warning (18011): Ignored 12 CARRY_SUM primitive(s) -- cannot place fan-out logic in single logic cell
        Warning (18012): Can't place logic fed by CARRY_SUM primitive "Eight_bit_adder:inst13|74283:inst2|f74283:sub|89~0" into a single logic cell
            Warning (18042): Node "Eight_bit_adder:inst13|74283:inst2|f74283:sub|90~0" of type CARRY_SUM
            Warning (18042): Node "Eight_bit_adder:inst13|74283:inst2|f74283:sub|80~2" of type LUT
        Warning (18012): Can't place logic fed by CARRY_SUM primitive "Eight_bit_adder:inst13|74283:inst|f74283:sub|88~0" into a single logic cell
            Warning (18042): Node "Eight_bit_adder:inst7|74283:inst|f74283:sub|89~0" of type CARRY_SUM
            Warning (18042): Node "Eight_bit_adder:inst13|74283:inst|f74283:sub|89~0" of type CARRY_SUM
        Warning (18012): Can't place logic fed by CARRY_SUM primitive "Eight_bit_adder:inst13|74283:inst2|f74283:sub|90~0" into a single logic cell
            Warning (18042): Node "Eight_bit_adder:inst13|74283:inst2|f74283:sub|91~0" of type CARRY_SUM
            Warning (18042): Node "Eight_bit_adder:inst13|74283:inst2|f74283:sub|82~1" of type LUT
        Warning (18012): Can't place logic fed by CARRY_SUM primitive "Eight_bit_adder:inst7|74283:inst2|f74283:sub|88~0" into a single logic cell
            Warning (18042): Node "Eight_bit_adder:inst7|74283:inst2|f74283:sub|79" of type LUT
            Warning (18042): Node "Eight_bit_adder:inst7|74283:inst2|f74283:sub|89~0" of type CARRY_SUM
        Warning (18012): Can't place logic fed by CARRY_SUM primitive "Eight_bit_adder:inst13|74283:inst|f74283:sub|89~0" into a single logic cell
            Warning (18042): Node "Eight_bit_adder:inst7|74283:inst|f74283:sub|90~0" of type CARRY_SUM
            Warning (18042): Node "Eight_bit_adder:inst13|74283:inst|f74283:sub|90~0" of type CARRY_SUM
        Warning (18012): Can't place logic fed by CARRY_SUM primitive "Eight_bit_adder:inst7|74283:inst2|f74283:sub|89~0" into a single logic cell
            Warning (18042): Node "Eight_bit_adder:inst7|74283:inst2|f74283:sub|81" of type LUT
            Warning (18042): Node "Eight_bit_adder:inst7|74283:inst2|f74283:sub|90~0" of type CARRY_SUM
        Warning (18012): Can't place logic fed by CARRY_SUM primitive "Eight_bit_adder:inst13|74283:inst2|f74283:sub|88~0" into a single logic cell
            Warning (18042): Node "Eight_bit_adder:inst13|74283:inst2|f74283:sub|105~0" of type LUT
            Warning (18042): Node "Eight_bit_adder:inst13|74283:inst2|f74283:sub|78~2" of type LUT
        Warning (18012): Can't place logic fed by CARRY_SUM primitive "Eight_bit_adder:inst7|74283:inst|f74283:sub|88~0" into a single logic cell
            Warning (18042): Node "Eight_bit_adder:inst7|74283:inst|f74283:sub|79" of type LUT
            Warning (18042): Node "Eight_bit_adder:inst7|74283:inst|f74283:sub|89~0" of type CARRY_SUM
        Warning (18012): Can't place logic fed by CARRY_SUM primitive "Eight_bit_adder:inst13|74283:inst|f74283:sub|108~0" into a single logic cell
            Warning (18042): Node "Eight_bit_adder:inst13|74283:inst|f74283:sub|104~0" of type LUT
            Warning (18042): Node "Eight_bit_adder:inst13|74283:inst|f74283:sub|76~1" of type LUT
        Warning (18012): Can't place logic fed by CARRY_SUM primitive "Eight_bit_adder:inst7|74283:inst2|f74283:sub|90~0" into a single logic cell
            Warning (18042): Node "Eight_bit_adder:inst7|74283:inst2|f74283:sub|83" of type LUT
            Warning (18042): Node "Eight_bit_adder:inst7|74283:inst2|f74283:sub|91~0" of type CARRY_SUM
        Warning (18012): Can't place logic fed by CARRY_SUM primitive "Eight_bit_adder:inst7|74283:inst|f74283:sub|89~0" into a single logic cell
            Warning (18042): Node "Eight_bit_adder:inst7|74283:inst|f74283:sub|81" of type LUT
            Warning (18042): Node "Eight_bit_adder:inst7|74283:inst|f74283:sub|90~0" of type CARRY_SUM
        Warning (18012): Can't place logic fed by CARRY_SUM primitive "Eight_bit_adder:inst7|74283:inst|f74283:sub|108~0" into a single logic cell
            Warning (18042): Node "Eight_bit_adder:inst7|74283:inst|f74283:sub|77" of type LUT
            Warning (18042): Node "Eight_bit_adder:inst7|74283:inst|f74283:sub|92" of type LUT
    Warning (18015): Ignored 4 CARRY_SUM primitives -- logic cell requires more inputs than it can contain
        Warning (18016): Can't place CARRY primitive "Eight_bit_adder:inst13|74283:inst2|f74283:sub|91~0" -- logic cell requires more inputs than it can contain
        Warning (18016): Can't place CARRY primitive "Eight_bit_adder:inst13|74283:inst|f74283:sub|90~0" -- logic cell requires more inputs than it can contain
        Warning (18016): Can't place CARRY primitive "Eight_bit_adder:inst7|74283:inst|f74283:sub|90~0" -- logic cell requires more inputs than it can contain
        Warning (18016): Can't place CARRY primitive "Eight_bit_adder:inst7|74283:inst2|f74283:sub|91~0" -- logic cell requires more inputs than it can contain
Info (21057): Implemented 184 device resources after synthesis - the final resource count might be different
    Info (21058): Implemented 2 input pins
    Info (21059): Implemented 24 output pins
    Info (21061): Implemented 158 logic cells
Info: Quartus Prime Analysis & Synthesis was successful. 0 errors, 44 warnings
    Info: Peak virtual memory: 4732 megabytes
    Info: Processing ended: Thu Sep  8 17:35:15 2022
    Info: Elapsed time: 00:00:13
    Info: Total CPU time (on all processors): 00:00:20


