Assembler report for RVC
Thu Sep  8 17:35:24 2022
Quartus Prime Version 21.1.0 Build 842 10/21/2021 Patches 0.02i SJ Lite Edition


---------------------
; Table of Contents ;
---------------------
  1. Legal Notice
  2. Assembler Summary
  3. Assembler Settings
  4. Assembler Generated Files
  5. Assembler Device Options: E:/room visitor counter proj/room visitor counter/output_files/RVC.pof
  6. Assembler Messages



----------------
; Legal Notice ;
----------------
Copyright (C) 2021  Intel Corporation. All rights reserved.
Your use of Intel Corporation's design tools, logic functions 
and other software and tools, and any partner logic 
functions, and any output files from any of the foregoing 
(including device programming or simulation files), and any 
associated documentation or information are expressly subject 
to the terms and conditions of the Intel Program License 
Subscription Agreement, the Intel Quartus Prime License Agreement,
the Intel FPGA IP License Agreement, or other applicable license
agreement, including, without limitation, that your use is for
the sole purpose of programming logic devices manufactured by
Intel and sold by Intel or its authorized distributors.  Please
refer to the applicable agreement for further details, at
https://fpgasoftware.intel.com/eula.



+---------------------------------------------------------------+
; Assembler Summary                                             ;
+-----------------------+---------------------------------------+
; Assembler Status      ; Successful - Thu Sep  8 17:35:24 2022 ;
; Revision Name         ; RVC                                   ;
; Top-level Entity Name ; RVCcounter                            ;
; Family                ; MAX II                                ;
; Device                ; EPM240T100C5                          ;
+-----------------------+---------------------------------------+


+----------------------------------+
; Assembler Settings               ;
+--------+---------+---------------+
; Option ; Setting ; Default Value ;
+--------+---------+---------------+


+------------------------------------------------------------------------+
; Assembler Generated Files                                              ;
+------------------------------------------------------------------------+
; File Name                                                              ;
+------------------------------------------------------------------------+
; E:/room visitor counter proj/room visitor counter/output_files/RVC.pof ;
+------------------------------------------------------------------------+


+--------------------------------------------------------------------------------------------------+
; Assembler Device Options: E:/room visitor counter proj/room visitor counter/output_files/RVC.pof ;
+----------------+---------------------------------------------------------------------------------+
; Option         ; Setting                                                                         ;
+----------------+---------------------------------------------------------------------------------+
; JTAG usercode  ; 0x00178D0A                                                                      ;
; Checksum       ; 0x0017917A                                                                      ;
+----------------+---------------------------------------------------------------------------------+


+--------------------+
; Assembler Messages ;
+--------------------+
Info: *******************************************************************
Info: Running Quartus Prime Assembler
    Info: Version 21.1.0 Build 842 10/21/2021 Patches 0.02i SJ Lite Edition
    Info: Processing started: Thu Sep  8 17:35:22 2022
Info: Command: quartus_asm --read_settings_files=off --write_settings_files=off RVC -c RVC
Warning (18236): Number of processors has not been specified which may cause overloading on shared machines.  Set the global assignment NUM_PARALLEL_PROCESSORS in your QSF to an appropriate value for best performance.
Info (115031): Writing out detailed assembly data for power analysis
Info (115030): Assembler is generating device programming files
Info: Quartus Prime Assembler was successful. 0 errors, 1 warning
    Info: Peak virtual memory: 4697 megabytes
    Info: Processing ended: Thu Sep  8 17:35:24 2022
    Info: Elapsed time: 00:00:02
    Info: Total CPU time (on all processors): 00:00:01


